<?xml version="1.0" encoding="UTF-8"?>
<!-- Generated by org.testng.reporters.JUnitReportReporter -->
<testsuite skipped="0" hostname="DESKTOP-JVK1AED" name="Com_ActiTime_Tests.Demo" tests="1" failures="0" timestamp="2020-01-29T09:37:07 IST" time="0.022" errors="0">
  <testcase name="testa" time="0.022" classname="Com_ActiTime_Tests.Demo"/>
</testsuite> <!-- Com_ActiTime_Tests.Demo -->
